<?xml version="1.0" encoding="UTF-8"?>
<!-- Generated by org.testng.reporters.JUnitXMLReporter -->
<testsuite ignored="0" hostname="user1" failures="0" tests="9" name="ParallelThreeTest" time="0.175" errors="0" timestamp="2025-04-05T15:19:52 IST">
  <testcase classname="parallelscripts.SampleThreeTest" name="testFour" time="0.005"/>
  <testcase classname="parallelscripts.SampleThreeTest" name="testOne" time="0.017"/>
  <testcase classname="parallelscripts.SampleThreeTest" name="testThree" time="0.013"/>
  <testcase classname="parallelscripts.SampleThreeTest" name="testThree" time="0.018"/>
  <testcase classname="parallelscripts.SampleThreeTest" name="testThree" time="0.034"/>
  <testcase classname="parallelscripts.SampleThreeTest" name="testThree" time="0.028"/>
  <testcase classname="parallelscripts.SampleThreeTest" name="testThree" time="0.027"/>
  <testcase classname="parallelscripts.SampleThreeTest" name="testThree" time="0.031"/>
  <testcase classname="parallelscripts.SampleThreeTest" name="testTwo" time="0.047"/>
</testsuite> <!-- ParallelThreeTest -->
