<?xml version="1.0" encoding="UTF-8"?>
<testng-results ignored="0" total="1" passed="1" failed="0" skipped="0">
  <reporter-output>
  </reporter-output>
  <suite started-at="2025-04-05T16:48:57 IST" name="Default suite" finished-at="2025-04-05T16:49:03 IST" duration-ms="5637">
    <groups>
    </groups>
    <test started-at="2025-04-05T16:48:57 IST" name="Default test" finished-at="2025-04-05T16:49:03 IST" duration-ms="5637">
      <class name="testscripts.WebTableTest">
        <test-method signature="dynamicWebTable()[pri:0, instance:testscripts.WebTableTest@6340e5f0]" started-at="2025-04-05T16:48:57 IST" name="dynamicWebTable" finished-at="2025-04-05T16:49:03 IST" duration-ms="5578" status="PASS">
          <reporter-output>
          </reporter-output>
        </test-method> <!-- dynamicWebTable -->
      </class> <!-- testscripts.WebTableTest -->
    </test> <!-- Default test -->
  </suite> <!-- Default suite -->
</testng-results>
