<?xml version="1.0" encoding="UTF-8"?>
<testng-results ignored="0" total="1" passed="1" failed="0" skipped="0">
  <reporter-output>
  </reporter-output>
  <suite started-at="2025-04-07T16:06:26 IST" name="Default suite" finished-at="2025-04-07T16:06:36 IST" duration-ms="9139">
    <groups>
    </groups>
    <test started-at="2025-04-07T16:06:26 IST" name="Default test" finished-at="2025-04-07T16:06:36 IST" duration-ms="9139">
      <class name="seleniumGrid.RemoteWebSampleTest">
        <test-method signature="storiessearch()[pri:0, instance:seleniumGrid.RemoteWebSampleTest@6574a52c]" started-at="2025-04-07T16:06:26 IST" name="storiessearch" finished-at="2025-04-07T16:06:36 IST" duration-ms="9062" status="PASS">
          <reporter-output>
          </reporter-output>
        </test-method> <!-- storiessearch -->
      </class> <!-- seleniumGrid.RemoteWebSampleTest -->
    </test> <!-- Default test -->
  </suite> <!-- Default suite -->
</testng-results>
