<?xml version="1.0" encoding="UTF-8"?>
<!-- Generated by org.testng.reporters.JUnitReportReporter -->
<testsuite hostname="user1" failures="0" tests="4" name="parallelscripts.SampleTwoTest" time="18.814" errors="0" timestamp="2025-04-05T15:20:03 IST" skipped="0">
  <testcase classname="parallelscripts.SampleTwoTest" name="testTwo" time="5.319"/>
  <testcase classname="parallelscripts.SampleTwoTest" name="testFour" time="4.963"/>
  <testcase classname="parallelscripts.SampleTwoTest" name="testOne" time="4.541"/>
  <testcase classname="parallelscripts.SampleTwoTest" name="testThree" time="3.991"/>
</testsuite> <!-- parallelscripts.SampleTwoTest -->
