<?xml version="1.0" encoding="UTF-8"?>
<!-- Generated by org.testng.reporters.JUnitReportReporter -->
<testsuite hostname="user1" failures="0" tests="4" name="parallelscripts.SampleOneTest" time="7.815" errors="0" timestamp="2025-04-05T15:20:03 IST" skipped="0">
  <testcase classname="parallelscripts.SampleOneTest" name="testThree" time="2.624"/>
  <testcase classname="parallelscripts.SampleOneTest" name="testTwo" time="1.508"/>
  <testcase classname="parallelscripts.SampleOneTest" name="testOne" time="1.343"/>
  <testcase classname="parallelscripts.SampleOneTest" name="testFour" time="2.340"/>
</testsuite> <!-- parallelscripts.SampleOneTest -->
