<?xml version="1.0" encoding="UTF-8"?>
<!-- Generated by org.testng.reporters.JUnitReportReporter -->
<testsuite hostname="user1" failures="0" tests="2" name="parametercrossbrowser.BookSearchTest" time="17.466" errors="0" timestamp="2025-04-05T15:10:53 IST" skipped="0">
  <testcase classname="parametercrossbrowser.BookSearchTest" name="crimeNovelSearch" time="8.474"/>
  <testcase classname="parametercrossbrowser.BookSearchTest" name="HorrorSearch" time="8.992"/>
</testsuite> <!-- parametercrossbrowser.BookSearchTest -->
