<?xml version="1.0" encoding="UTF-8"?>
<!-- Generated by org.testng.reporters.JUnitReportReporter -->
<testsuite hostname="user1" failures="0" tests="4" name="ExtentReport.ExtentReportSample" time="28.664" errors="0" timestamp="2025-04-05T16:25:41 IST" skipped="0">
  <testcase classname="ExtentReport.ExtentReportSample" name="fantasySearch" time="5.502"/>
  <testcase classname="ExtentReport.ExtentReportSample" name="HorrorSearch" time="8.207"/>
  <testcase classname="ExtentReport.ExtentReportSample" name="StoriesSearch" time="7.686"/>
  <testcase classname="ExtentReport.ExtentReportSample" name="crimeNovelSearch" time="7.269"/>
</testsuite> <!-- ExtentReport.ExtentReportSample -->
